<?xml version="1.0" encoding="UTF-8"?>
<testng-results skipped="0" failed="0" total="1" passed="1">
  <reporter-output>
  </reporter-output>
  <suite name="Suite" duration-ms="40" started-at="2016-10-14T13:51:45Z" finished-at="2016-10-14T13:51:45Z">
    <groups>
    </groups>
    <test name="Test" duration-ms="40" started-at="2016-10-14T13:51:45Z" finished-at="2016-10-14T13:51:45Z">
      <class name="com.learn.selenium.MavenDemo">
        <test-method status="PASS" signature="Demo()[pri:0, instance:com.learn.selenium.MavenDemo@4cdbe50f]" name="Demo" duration-ms="10" started-at="2016-10-14T19:21:45Z" finished-at="2016-10-14T19:21:45Z">
          <reporter-output>
          </reporter-output>
        </test-method> <!-- Demo -->
      </class> <!-- com.learn.selenium.MavenDemo -->
    </test> <!-- Test -->
  </suite> <!-- Suite -->
</testng-results>
