<?xml version="1.0" encoding="UTF-8"?>
<testng-results skipped="0" failed="0" total="1" passed="1">
  <reporter-output>
  </reporter-output>
  <suite name="Suite" duration-ms="60" started-at="2016-10-11T14:36:26Z" finished-at="2016-10-11T14:36:26Z">
    <groups>
    </groups>
    <test name="Test" duration-ms="60" started-at="2016-10-11T14:36:26Z" finished-at="2016-10-11T14:36:26Z">
      <class name="com.learn.selenium.MavenDemo">
        <test-method status="PASS" signature="Demo()[pri:0, instance:com.learn.selenium.MavenDemo@7c16905e]" name="Demo" duration-ms="20" started-at="2016-10-11T20:06:26Z" finished-at="2016-10-11T20:06:26Z">
          <reporter-output>
          </reporter-output>
        </test-method> <!-- Demo -->
      </class> <!-- com.learn.selenium.MavenDemo -->
    </test> <!-- Test -->
  </suite> <!-- Suite -->
</testng-results>
